# JRE version: Java(TM) SE Runtime Environment (17.0.6+9) (build 17.0.6+9-LTS-190)
# Java VM: Java HotSpot(TM) 64-Bit Server VM (17.0.6+9-LTS-190, mixed mode, sharing, tiered, compressed oops, compressed class ptrs, parallel gc, windows-amd64)
GC Precious Log:
 CPUs: 8 total, 8 available
 Memory: 16147M
 Large Page Support: Disabled
 NUMA Support: Disabled
 Compressed Oops: Enabled (32-bit)
 Alignments: Space 512K, Generation 512K, Heap 2M
 Heap Min Capacity: 1G
 Heap Initial Capacity: 1G
 Heap Max Capacity: 1G
 Pre-touch: Disabled
 Parallel Workers: 4
Heap:
 PSYoungGen      total 348160K, used 180488K [0x00000000eab00000, 0x0000000100000000, 0x0000000100000000)
  eden space 347136K, 51% used [0x00000000eab00000,0x00000000f5b223c8,0x00000000ffe00000)
  from space 1024K, 12% used [0x00000000fff00000,0x00000000fff20000,0x0000000100000000)
  to   space 1024K, 0% used [0x00000000ffe00000,0x00000000ffe00000,0x00000000fff00000)
 ParOldGen       total 699392K, used 5322K [0x00000000c0000000, 0x00000000eab00000, 0x00000000eab00000)
  object space 699392K, 0% used [0x00000000c0000000,0x00000000c0532a08,0x00000000eab00000)
 Metaspace       used 7323K, committed 7488K, reserved 1056768K
  class space    used 884K, committed 960K, reserved 1048576K
GC Heap History (20 events):
Event: 2.321 GC heap before
{Heap before GC invocations=41 (full 0):
 PSYoungGen      total 347136K, used 345216K [0x00000000eab00000, 0x0000000100000000, 0x0000000100000000)
  eden space 345088K, 100% used [0x00000000eab00000,0x00000000ffc00000,0x00000000ffc00000)
  from space 2048K, 6% used [0x00000000ffe00000,0x00000000ffe20000,0x0000000100000000)
  to   space 2048K, 0% used [0x00000000ffc00000,0x00000000ffc00000,0x00000000ffe00000)
 ParOldGen       total 699392K, used 5306K [0x00000000c0000000, 0x00000000eab00000, 0x00000000eab00000)
  object space 699392K, 0% used [0x00000000c0000000,0x00000000c052ea08,0x00000000eab00000)
 Metaspace       used 7314K, committed 7488K, reserved 1056768K
  class space    used 884K, committed 960K, reserved 1048576K
}
Event: 2.321 GC heap after
{Heap after GC invocations=41 (full 0):
 PSYoungGen      total 347136K, used 128K [0x00000000eab00000, 0x0000000100000000, 0x0000000100000000)
  eden space 345088K, 0% used [0x00000000eab00000,0x00000000eab00000,0x00000000ffc00000)
  from space 2048K, 6% used [0x00000000ffc00000,0x00000000ffc20000,0x00000000ffe00000)
  to   space 1536K, 0% used [0x00000000ffe80000,0x00000000ffe80000,0x0000000100000000)
 ParOldGen       total 699392K, used 5306K [0x00000000c0000000, 0x00000000eab00000, 0x00000000eab00000)
  object space 699392K, 0% used [0x00000000c0000000,0x00000000c052ea08,0x00000000eab00000)
 Metaspace       used 7314K, committed 7488K, reserved 1056768K
  class space    used 884K, committed 960K, reserved 1048576K
}
Event: 2.345 GC heap before
{Heap before GC invocations=42 (full 0):
 PSYoungGen      total 347136K, used 345216K [0x00000000eab00000, 0x0000000100000000, 0x0000000100000000)
  eden space 345088K, 100% used [0x00000000eab00000,0x00000000ffc00000,0x00000000ffc00000)
  from space 2048K, 6% used [0x00000000ffc00000,0x00000000ffc20000,0x00000000ffe00000)
  to   space 1536K, 0% used [0x00000000ffe80000,0x00000000ffe80000,0x0000000100000000)
 ParOldGen       total 699392K, used 5306K [0x00000000c0000000, 0x00000000eab00000, 0x00000000eab00000)
  object space 699392K, 0% used [0x00000000c0000000,0x00000000c052ea08,0x00000000eab00000)
 Metaspace       used 7314K, committed 7488K, reserved 1056768K
  class space    used 884K, committed 960K, reserved 1048576K
}
Event: 2.346 GC heap after
{Heap after GC invocations=42 (full 0):
 PSYoungGen      total 347648K, used 128K [0x00000000eab00000, 0x0000000100000000, 0x0000000100000000)
  eden space 346112K, 0% used [0x00000000eab00000,0x00000000eab00000,0x00000000ffd00000)
  from space 1536K, 8% used [0x00000000ffe80000,0x00000000ffea0000,0x0000000100000000)
  to   space 1536K, 0% used [0x00000000ffd00000,0x00000000ffd00000,0x00000000ffe80000)
 ParOldGen       total 699392K, used 5306K [0x00000000c0000000, 0x00000000eab00000, 0x00000000eab00000)
  object space 699392K, 0% used [0x00000000c0000000,0x00000000c052ea08,0x00000000eab00000)
 Metaspace       used 7314K, committed 7488K, reserved 1056768K
  class space    used 884K, committed 960K, reserved 1048576K
}
Event: 2.373 GC heap before
{Heap before GC invocations=43 (full 0):
 PSYoungGen      total 347648K, used 346240K [0x00000000eab00000, 0x0000000100000000, 0x0000000100000000)
  eden space 346112K, 100% used [0x00000000eab00000,0x00000000ffd00000,0x00000000ffd00000)
  from space 1536K, 8% used [0x00000000ffe80000,0x00000000ffea0000,0x0000000100000000)
  to   space 1536K, 0% used [0x00000000ffd00000,0x00000000ffd00000,0x00000000ffe80000)
 ParOldGen       total 699392K, used 5306K [0x00000000c0000000, 0x00000000eab00000, 0x00000000eab00000)
  object space 699392K, 0% used [0x00000000c0000000,0x00000000c052ea08,0x00000000eab00000)
 Metaspace       used 7316K, committed 7488K, reserved 1056768K
  class space    used 884K, committed 960K, reserved 1048576K
}
Event: 2.373 GC heap after
{Heap after GC invocations=43 (full 0):
 PSYoungGen      total 347648K, used 128K [0x00000000eab00000, 0x0000000100000000, 0x0000000100000000)
  eden space 346112K, 0% used [0x00000000eab00000,0x00000000eab00000,0x00000000ffd00000)
  from space 1536K, 8% used [0x00000000ffd00000,0x00000000ffd20000,0x00000000ffe80000)
  to   space 1536K, 0% used [0x00000000ffe80000,0x00000000ffe80000,0x0000000100000000)
 ParOldGen       total 699392K, used 5306K [0x00000000c0000000, 0x00000000eab00000, 0x00000000eab00000)
  object space 699392K, 0% used [0x00000000c0000000,0x00000000c052ea08,0x00000000eab00000)
 Metaspace       used 7316K, committed 7488K, reserved 1056768K
  class space    used 884K, committed 960K, reserved 1048576K
}
Event: 2.402 GC heap before
{Heap before GC invocations=44 (full 0):
 PSYoungGen      total 347648K, used 346240K [0x00000000eab00000, 0x0000000100000000, 0x0000000100000000)
  eden space 346112K, 100% used [0x00000000eab00000,0x00000000ffd00000,0x00000000ffd00000)
  from space 1536K, 8% used [0x00000000ffd00000,0x00000000ffd20000,0x00000000ffe80000)
  to   space 1536K, 0% used [0x00000000ffe80000,0x00000000ffe80000,0x0000000100000000)
 ParOldGen       total 699392K, used 5306K [0x00000000c0000000, 0x00000000eab00000, 0x00000000eab00000)
  object space 699392K, 0% used [0x00000000c0000000,0x00000000c052ea08,0x00000000eab00000)
 Metaspace       used 7316K, committed 7488K, reserved 1056768K
  class space    used 884K, committed 960K, reserved 1048576K
}
Event: 2.403 GC heap after
{Heap after GC invocations=44 (full 0):
 PSYoungGen      total 347648K, used 128K [0x00000000eab00000, 0x0000000100000000, 0x0000000100000000)
  eden space 346112K, 0% used [0x00000000eab00000,0x00000000eab00000,0x00000000ffd00000)
  from space 1536K, 8% used [0x00000000ffe80000,0x00000000ffea0000,0x0000000100000000)
  to   space 1536K, 0% used [0x00000000ffd00000,0x00000000ffd00000,0x00000000ffe80000)
 ParOldGen       total 699392K, used 5306K [0x00000000c0000000, 0x00000000eab00000, 0x00000000eab00000)
  object space 699392K, 0% used [0x00000000c0000000,0x00000000c052ea08,0x00000000eab00000)
 Metaspace       used 7316K, committed 7488K, reserved 1056768K
  class space    used 884K, committed 960K, reserved 1048576K
}
Event: 2.434 GC heap before
{Heap before GC invocations=45 (full 0):
 PSYoungGen      total 347648K, used 346240K [0x00000000eab00000, 0x0000000100000000, 0x0000000100000000)
  eden space 346112K, 100% used [0x00000000eab00000,0x00000000ffd00000,0x00000000ffd00000)
  from space 1536K, 8% used [0x00000000ffe80000,0x00000000ffea0000,0x0000000100000000)
  to   space 1536K, 0% used [0x00000000ffd00000,0x00000000ffd00000,0x00000000ffe80000)
 ParOldGen       total 699392K, used 5306K [0x00000000c0000000, 0x00000000eab00000, 0x00000000eab00000)
  object space 699392K, 0% used [0x00000000c0000000,0x00000000c052ea08,0x00000000eab00000)
 Metaspace       used 7317K, committed 7488K, reserved 1056768K
  class space    used 884K, committed 960K, reserved 1048576K
}
Event: 2.434 GC heap after
{Heap after GC invocations=45 (full 0):
 PSYoungGen      total 347648K, used 128K [0x00000000eab00000, 0x0000000100000000, 0x0000000100000000)
  eden space 346112K, 0% used [0x00000000eab00000,0x00000000eab00000,0x00000000ffd00000)
  from space 1536K, 8% used [0x00000000ffd00000,0x00000000ffd20000,0x00000000ffe80000)
  to   space 1536K, 0% used [0x00000000ffe80000,0x00000000ffe80000,0x0000000100000000)
 ParOldGen       total 699392K, used 5306K [0x00000000c0000000, 0x00000000eab00000, 0x00000000eab00000)
  object space 699392K, 0% used [0x00000000c0000000,0x00000000c052ea08,0x00000000eab00000)
 Metaspace       used 7317K, committed 7488K, reserved 1056768K
  class space    used 884K, committed 960K, reserved 1048576K
}
Event: 2.463 GC heap before
{Heap before GC invocations=46 (full 0):
 PSYoungGen      total 347648K, used 346240K [0x00000000eab00000, 0x0000000100000000, 0x0000000100000000)
  eden space 346112K, 100% used [0x00000000eab00000,0x00000000ffd00000,0x00000000ffd00000)
  from space 1536K, 8% used [0x00000000ffd00000,0x00000000ffd20000,0x00000000ffe80000)
  to   space 1536K, 0% used [0x00000000ffe80000,0x00000000ffe80000,0x0000000100000000)
 ParOldGen       total 699392K, used 5306K [0x00000000c0000000, 0x00000000eab00000, 0x00000000eab00000)
  object space 699392K, 0% used [0x00000000c0000000,0x00000000c052ea08,0x00000000eab00000)
 Metaspace       used 7317K, committed 7488K, reserved 1056768K
  class space    used 884K, committed 960K, reserved 1048576K
}
Event: 2.464 GC heap after
{Heap after GC invocations=46 (full 0):
 PSYoungGen      total 347648K, used 128K [0x00000000eab00000, 0x0000000100000000, 0x0000000100000000)
  eden space 346112K, 0% used [0x00000000eab00000,0x00000000eab00000,0x00000000ffd00000)
  from space 1536K, 8% used [0x00000000ffe80000,0x00000000ffea0000,0x0000000100000000)
  to   space 1536K, 0% used [0x00000000ffd00000,0x00000000ffd00000,0x00000000ffe80000)
 ParOldGen       total 699392K, used 5306K [0x00000000c0000000, 0x00000000eab00000, 0x00000000eab00000)
  object space 699392K, 0% used [0x00000000c0000000,0x00000000c052ea08,0x00000000eab00000)
 Metaspace       used 7317K, committed 7488K, reserved 1056768K
  class space    used 884K, committed 960K, reserved 1048576K
}
Event: 2.491 GC heap before
{Heap before GC invocations=47 (full 0):
 PSYoungGen      total 347648K, used 346240K [0x00000000eab00000, 0x0000000100000000, 0x0000000100000000)
  eden space 346112K, 100% used [0x00000000eab00000,0x00000000ffd00000,0x00000000ffd00000)
  from space 1536K, 8% used [0x00000000ffe80000,0x00000000ffea0000,0x0000000100000000)
  to   space 1536K, 0% used [0x00000000ffd00000,0x00000000ffd00000,0x00000000ffe80000)
 ParOldGen       total 699392K, used 5306K [0x00000000c0000000, 0x00000000eab00000, 0x00000000eab00000)
  object space 699392K, 0% used [0x00000000c0000000,0x00000000c052ea08,0x00000000eab00000)
 Metaspace       used 7318K, committed 7488K, reserved 1056768K
  class space    used 884K, committed 960K, reserved 1048576K
}
Event: 2.491 GC heap after
{Heap after GC invocations=47 (full 0):
 PSYoungGen      total 347648K, used 128K [0x00000000eab00000, 0x0000000100000000, 0x0000000100000000)
  eden space 346112K, 0% used [0x00000000eab00000,0x00000000eab00000,0x00000000ffd00000)
  from space 1536K, 8% used [0x00000000ffd00000,0x00000000ffd20000,0x00000000ffe80000)
  to   space 1024K, 0% used [0x00000000fff00000,0x00000000fff00000,0x0000000100000000)
 ParOldGen       total 699392K, used 5306K [0x00000000c0000000, 0x00000000eab00000, 0x00000000eab00000)
  object space 699392K, 0% used [0x00000000c0000000,0x00000000c052ea08,0x00000000eab00000)
 Metaspace       used 7318K, committed 7488K, reserved 1056768K
  class space    used 884K, committed 960K, reserved 1048576K
}
Event: 2.521 GC heap before
{Heap before GC invocations=48 (full 0):
 PSYoungGen      total 347648K, used 346240K [0x00000000eab00000, 0x0000000100000000, 0x0000000100000000)
  eden space 346112K, 100% used [0x00000000eab00000,0x00000000ffd00000,0x00000000ffd00000)
  from space 1536K, 8% used [0x00000000ffd00000,0x00000000ffd20000,0x00000000ffe80000)
  to   space 1024K, 0% used [0x00000000fff00000,0x00000000fff00000,0x0000000100000000)
 ParOldGen       total 699392K, used 5306K [0x00000000c0000000, 0x00000000eab00000, 0x00000000eab00000)
  object space 699392K, 0% used [0x00000000c0000000,0x00000000c052ea08,0x00000000eab00000)
 Metaspace       used 7320K, committed 7488K, reserved 1056768K
  class space    used 884K, committed 960K, reserved 1048576K
}
Event: 2.521 GC heap after
{Heap after GC invocations=48 (full 0):
 PSYoungGen      total 348160K, used 128K [0x00000000eab00000, 0x0000000100000000, 0x0000000100000000)
  eden space 347136K, 0% used [0x00000000eab00000,0x00000000eab00000,0x00000000ffe00000)
  from space 1024K, 12% used [0x00000000fff00000,0x00000000fff20000,0x0000000100000000)
  to   space 1024K, 0% used [0x00000000ffe00000,0x00000000ffe00000,0x00000000fff00000)
 ParOldGen       total 699392K, used 5306K [0x00000000c0000000, 0x00000000eab00000, 0x00000000eab00000)
  object space 699392K, 0% used [0x00000000c0000000,0x00000000c052ea08,0x00000000eab00000)
 Metaspace       used 7320K, committed 7488K, reserved 1056768K
  class space    used 884K, committed 960K, reserved 1048576K
}
Event: 2.547 GC heap before
{Heap before GC invocations=49 (full 0):
 PSYoungGen      total 348160K, used 347264K [0x00000000eab00000, 0x0000000100000000, 0x0000000100000000)
  eden space 347136K, 100% used [0x00000000eab00000,0x00000000ffe00000,0x00000000ffe00000)
  from space 1024K, 12% used [0x00000000fff00000,0x00000000fff20000,0x0000000100000000)
  to   space 1024K, 0% used [0x00000000ffe00000,0x00000000ffe00000,0x00000000fff00000)
 ParOldGen       total 699392K, used 5306K [0x00000000c0000000, 0x00000000eab00000, 0x00000000eab00000)
  object space 699392K, 0% used [0x00000000c0000000,0x00000000c052ea08,0x00000000eab00000)
 Metaspace       used 7320K, committed 7488K, reserved 1056768K
  class space    used 884K, committed 960K, reserved 1048576K
}
Event: 2.547 GC heap after
{Heap after GC invocations=49 (full 0):
 PSYoungGen      total 348160K, used 128K [0x00000000eab00000, 0x0000000100000000, 0x0000000100000000)
  eden space 347136K, 0% used [0x00000000eab00000,0x00000000eab00000,0x00000000ffe00000)
  from space 1024K, 12% used [0x00000000ffe00000,0x00000000ffe20000,0x00000000fff00000)
  to   space 1024K, 0% used [0x00000000fff00000,0x00000000fff00000,0x0000000100000000)
 ParOldGen       total 699392K, used 5314K [0x00000000c0000000, 0x00000000eab00000, 0x00000000eab00000)
  object space 699392K, 0% used [0x00000000c0000000,0x00000000c0530a08,0x00000000eab00000)
 Metaspace       used 7320K, committed 7488K, reserved 1056768K
  class space    used 884K, committed 960K, reserved 1048576K
}
Event: 2.572 GC heap before
{Heap before GC invocations=50 (full 0):
 PSYoungGen      total 348160K, used 347264K [0x00000000eab00000, 0x0000000100000000, 0x0000000100000000)
  eden space 347136K, 100% used [0x00000000eab00000,0x00000000ffe00000,0x00000000ffe00000)
  from space 1024K, 12% used [0x00000000ffe00000,0x00000000ffe20000,0x00000000fff00000)
  to   space 1024K, 0% used [0x00000000fff00000,0x00000000fff00000,0x0000000100000000)
 ParOldGen       total 699392K, used 5314K [0x00000000c0000000, 0x00000000eab00000, 0x00000000eab00000)
  object space 699392K, 0% used [0x00000000c0000000,0x00000000c0530a08,0x00000000eab00000)
 Metaspace       used 7320K, committed 7488K, reserved 1056768K
  class space    used 884K, committed 960K, reserved 1048576K
}
Event: 2.572 GC heap after
{Heap after GC invocations=50 (full 0):
 PSYoungGen      total 348160K, used 128K [0x00000000eab00000, 0x0000000100000000, 0x0000000100000000)
  eden space 347136K, 0% used [0x00000000eab00000,0x00000000eab00000,0x00000000ffe00000)
  from space 1024K, 12% used [0x00000000fff00000,0x00000000fff20000,0x0000000100000000)
  to   space 1024K, 0% used [0x00000000ffe00000,0x00000000ffe00000,0x00000000fff00000)
 ParOldGen       total 699392K, used 5314K [0x00000000c0000000, 0x00000000eab00000, 0x00000000eab00000)
  object space 699392K, 0% used [0x00000000c0000000,0x00000000c0530a08,0x00000000eab00000)
 Metaspace       used 7320K, committed 7488K, reserved 1056768K
  class space    used 884K, committed 960K, reserved 1048576K
}

